1551380910444	mozrunner::runner	INFO	Running command: "/usr/bin/firefox" "-marionette" "-headless" "-foreground" "-no-remote" "-profile" "/tmp/rust_mozprofile.KsgddFCqOs3r"
*** You are running in headless mode.
1551380910703	addons.webextension.screenshots@mozilla.org	WARN	Loading extension 'screenshots@mozilla.org': Reading manifest: Invalid host permission: resource://pdf.js/
1551380910703	addons.webextension.screenshots@mozilla.org	WARN	Loading extension 'screenshots@mozilla.org': Reading manifest: Invalid host permission: about:reader*
1551380911523	Marionette	INFO	Listening on port 41173
1551380911550	Marionette	WARN	TLS certificate errors will be ignored for this session
1551380916396	Marionette	INFO	Stopped listening on port 41173

###!!! [Child][RunMessage] Error: Channel closing: too late to send/recv, messages will be lost


###!!! [Child][RunMessage] Error: Channel closing: too late to send/recv, messages will be lost


###!!! [Child][RunMessage] Error: Channel closing: too late to send/recv, messages will be lost


###!!! [Child][RunMessage] Error: Channel closing: too late to send/recv, messages will be lost


###!!! [Child][RunMessage] Error: Channel closing: too late to send/recv, messages will be lost


###!!! [Child][RunMessage] Error: Channel closing: too late to send/recv, messages will be lost

[Child 21910, Chrome_ChildThread] WARNING: pipe error (3): Connection reset by peer: file /build/firefox/src/mozilla-unified/ipc/chromium/src/chrome/common/ipc_channel_posix.cc, line 349
1551380917921	mozrunner::runner	INFO	Running command: "/usr/bin/firefox" "-marionette" "-headless" "-foreground" "-no-remote" "-profile" "/tmp/rust_mozprofile.7jQesYOc5Sxs"
*** You are running in headless mode.
1551380918223	addons.webextension.screenshots@mozilla.org	WARN	Loading extension 'screenshots@mozilla.org': Reading manifest: Invalid host permission: resource://pdf.js/
1551380918223	addons.webextension.screenshots@mozilla.org	WARN	Loading extension 'screenshots@mozilla.org': Reading manifest: Invalid host permission: about:reader*
1551380919193	Marionette	INFO	Listening on port 46577
1551380919228	Marionette	WARN	TLS certificate errors will be ignored for this session

(/usr/lib/firefox/firefox:22220): dconf-WARNING **: 14:08:43.880: Unable to open /var/lib/flatpak/exports/share/dconf/profile/user: Permission denied
JavaScript error: https://static.adsafeprotected.com/sca.17.4.95.js, line 33: TypeError: The ReadableStream reader was released.
1551380924203	Marionette	INFO	Stopped listening on port 46577
[Parent 22057, Gecko_IOThread] WARNING: pipe error: Broken pipe: file /build/firefox/src/mozilla-unified/ipc/chromium/src/chrome/common/ipc_channel_posix.cc, line 718
[Parent 22057, Gecko_IOThread] WARNING: pipe error: Broken pipe: file /build/firefox/src/mozilla-unified/ipc/chromium/src/chrome/common/ipc_channel_posix.cc, line 718
JavaScript error: , line 0: InvalidStateError: An attempt was made to use an object that is not, or is no longer, usable
[Child 22220, Chrome_ChildThread] WARNING: pipe error: Broken pipe: file /build/firefox/src/mozilla-unified/ipc/chromium/src/chrome/common/ipc_channel_posix.cc, line 718
[Child 22220, Chrome_ChildThread] WARNING: pipe error (3): Connection reset by peer: file /build/firefox/src/mozilla-unified/ipc/chromium/src/chrome/common/ipc_channel_posix.cc, line 349
JavaScript error: resource://gre/modules/WebProgressChild.jsm, line 58: TypeError: this.mm.content is null

###!!! [Child][RunMessage] Error: Channel closing: too late to send/recv, messages will be lost


###!!! [Child][MessageChannel] Error: (msgtype=0x3500B9,name=PContent::Msg_ScriptError) Channel closing: too late to send/recv, messages will be lost


###!!! [Child][RunMessage] Error: Channel closing: too late to send/recv, messages will be lost


###!!! [Child][MessageChannel] Error: (msgtype=0x3500B9,name=PContent::Msg_ScriptError) Channel closing: too late to send/recv, messages will be lost


###!!! [Child][RunMessage] Error: Channel closing: too late to send/recv, messages will be lost


###!!! [Child][RunMessage] Error: Channel closing: too late to send/recv, messages will be lost


###!!! [Child][RunMessage] Error: Channel closing: too late to send/recv, messages will be lost


###!!! [Child][RunMessage] Error: Channel closing: too late to send/recv, messages will be lost

1552165106992	mozrunner::runner	INFO	Running command: "/usr/bin/firefox" "-marionette" "-headless" "-foreground" "-no-remote" "-profile" "/tmp/rust_mozprofile.uYQolcKyHxf5"
*** You are running in headless mode.
1552165107313	addons.webextension.screenshots@mozilla.org	WARN	Loading extension 'screenshots@mozilla.org': Reading manifest: Invalid host permission: resource://pdf.js/
1552165107314	addons.webextension.screenshots@mozilla.org	WARN	Loading extension 'screenshots@mozilla.org': Reading manifest: Invalid host permission: about:reader*
1552165108564	Marionette	INFO	Listening on port 43039
1552165108600	Marionette	WARN	TLS certificate errors will be ignored for this session
1552165112112	Marionette	INFO	Stopped listening on port 43039
[Parent 11729, Gecko_IOThread] WARNING: pipe error: Broken pipe: file /build/src/firefox-65.0.2/ipc/chromium/src/chrome/common/ipc_channel_posix.cc, line 718
[Parent 11729, Gecko_IOThread] WARNING: pipe error (92): Connection reset by peer: file /build/src/firefox-65.0.2/ipc/chromium/src/chrome/common/ipc_channel_posix.cc, line 349
1552165113791	mozrunner::runner	INFO	Running command: "/usr/bin/firefox" "-marionette" "-headless" "-foreground" "-no-remote" "-profile" "/tmp/rust_mozprofile.nfDLIH2ekCBy"
*** You are running in headless mode.
1552165114043	addons.webextension.screenshots@mozilla.org	WARN	Loading extension 'screenshots@mozilla.org': Reading manifest: Invalid host permission: resource://pdf.js/
1552165114043	addons.webextension.screenshots@mozilla.org	WARN	Loading extension 'screenshots@mozilla.org': Reading manifest: Invalid host permission: about:reader*
1552165114885	Marionette	INFO	Listening on port 34359
1552165114899	Marionette	WARN	TLS certificate errors will be ignored for this session
1552165115995	Marionette	INFO	Stopped listening on port 34359
1552166296685	mozrunner::runner	INFO	Running command: "/usr/bin/firefox" "-marionette" "-headless" "-foreground" "-no-remote" "-profile" "/tmp/rust_mozprofile.ydn0isNY0Buf"
*** You are running in headless mode.
1552166296936	addons.webextension.screenshots@mozilla.org	WARN	Loading extension 'screenshots@mozilla.org': Reading manifest: Invalid host permission: resource://pdf.js/
1552166296936	addons.webextension.screenshots@mozilla.org	WARN	Loading extension 'screenshots@mozilla.org': Reading manifest: Invalid host permission: about:reader*
1552166297754	Marionette	INFO	Listening on port 43985
1552166297793	Marionette	WARN	TLS certificate errors will be ignored for this session
1552166298798	Marionette	INFO	Stopped listening on port 43985

###!!! [Child][MessageChannel] Error: (msgtype=0x52000E,name=PHttpChannel::Msg_DeletingChannel) Channel closing: too late to send/recv, messages will be lost

1552166496705	mozrunner::runner	INFO	Running command: "/usr/bin/firefox" "-marionette" "-headless" "-foreground" "-no-remote" "-profile" "/tmp/rust_mozprofile.TTZzc6AxjsHn"
*** You are running in headless mode.
1552166496957	addons.webextension.screenshots@mozilla.org	WARN	Loading extension 'screenshots@mozilla.org': Reading manifest: Invalid host permission: resource://pdf.js/
1552166496957	addons.webextension.screenshots@mozilla.org	WARN	Loading extension 'screenshots@mozilla.org': Reading manifest: Invalid host permission: about:reader*
1552166497779	Marionette	INFO	Listening on port 44165
1552166497810	Marionette	WARN	TLS certificate errors will be ignored for this session
1552166499082	Marionette	INFO	Stopped listening on port 44165
JavaScript error: resource://gre/modules/WebProgressChild.jsm, line 58: TypeError: this.mm.content is null

###!!! [Child][MessageChannel] Error: (msgtype=0x5F0029,name=PNecko::Msg_RemoveRequestContext) Channel closing: too late to send/recv, messages will be lost

1552166551356	mozrunner::runner	INFO	Running command: "/usr/bin/firefox" "-marionette" "-headless" "-foreground" "-no-remote" "-profile" "/tmp/rust_mozprofile.WS8yYV8ZOq9F"
*** You are running in headless mode.
1552166551607	addons.webextension.screenshots@mozilla.org	WARN	Loading extension 'screenshots@mozilla.org': Reading manifest: Invalid host permission: resource://pdf.js/
1552166551607	addons.webextension.screenshots@mozilla.org	WARN	Loading extension 'screenshots@mozilla.org': Reading manifest: Invalid host permission: about:reader*
1552166552445	Marionette	INFO	Listening on port 40275
1552166552466	Marionette	WARN	TLS certificate errors will be ignored for this session
1552166555297	Marionette	INFO	Stopped listening on port 40275
[Parent 13923, Gecko_IOThread] WARNING: pipe error (122): Connection reset by peer: file /build/src/firefox-65.0.2/ipc/chromium/src/chrome/common/ipc_channel_posix.cc, line 349
1552166612569	mozrunner::runner	INFO	Running command: "/usr/bin/firefox" "-marionette" "-headless" "-foreground" "-no-remote" "-profile" "/tmp/rust_mozprofile.IpzzTwxT9IRz"
*** You are running in headless mode.
1552166612814	addons.webextension.screenshots@mozilla.org	WARN	Loading extension 'screenshots@mozilla.org': Reading manifest: Invalid host permission: resource://pdf.js/
1552166612814	addons.webextension.screenshots@mozilla.org	WARN	Loading extension 'screenshots@mozilla.org': Reading manifest: Invalid host permission: about:reader*
1552166613643	Marionette	INFO	Listening on port 45645
1552166613676	Marionette	WARN	TLS certificate errors will be ignored for this session
1552166615096	Marionette	INFO	Stopped listening on port 45645
JavaScript error: resource://gre/modules/WebProgressChild.jsm, line 58: TypeError: this.mm.content is null
1552166649567	mozrunner::runner	INFO	Running command: "/usr/bin/firefox" "-marionette" "-headless" "-foreground" "-no-remote" "-profile" "/tmp/rust_mozprofile.Fl5vcH4OV1Sf"
*** You are running in headless mode.
1552166649816	addons.webextension.screenshots@mozilla.org	WARN	Loading extension 'screenshots@mozilla.org': Reading manifest: Invalid host permission: resource://pdf.js/
1552166649816	addons.webextension.screenshots@mozilla.org	WARN	Loading extension 'screenshots@mozilla.org': Reading manifest: Invalid host permission: about:reader*
1552166650678	Marionette	INFO	Listening on port 37953
1552166650775	Marionette	WARN	TLS certificate errors will be ignored for this session
1552166653053	Marionette	INFO	Stopped listening on port 37953

###!!! [Child][RunMessage] Error: Channel closing: too late to send/recv, messages will be lost

1552166894768	mozrunner::runner	INFO	Running command: "/usr/bin/firefox" "-marionette" "-headless" "-foreground" "-no-remote" "-profile" "/tmp/rust_mozprofile.sTNBQ3s1ZfZt"
*** You are running in headless mode.
1552166895018	addons.webextension.screenshots@mozilla.org	WARN	Loading extension 'screenshots@mozilla.org': Reading manifest: Invalid host permission: resource://pdf.js/
1552166895018	addons.webextension.screenshots@mozilla.org	WARN	Loading extension 'screenshots@mozilla.org': Reading manifest: Invalid host permission: about:reader*
1552166895860	Marionette	INFO	Listening on port 33141
1552166895874	Marionette	WARN	TLS certificate errors will be ignored for this session
1552166896910	Marionette	INFO	Stopped listening on port 33141
JavaScript error: jar:file:///usr/lib/firefox/omni.ja!/components/nsUrlClassifierListManager.js, line 597: TypeError: this.tablesData[table] is undefined
JavaScript error: , line 0: TypeError: NetworkError when attempting to fetch resource.
1552167940391	mozrunner::runner	INFO	Running command: "/usr/bin/firefox" "-marionette" "-headless" "-foreground" "-no-remote" "-profile" "/tmp/rust_mozprofile.aITF75ZXW29z"
*** You are running in headless mode.
1552167940640	addons.webextension.screenshots@mozilla.org	WARN	Loading extension 'screenshots@mozilla.org': Reading manifest: Invalid host permission: resource://pdf.js/
1552167940641	addons.webextension.screenshots@mozilla.org	WARN	Loading extension 'screenshots@mozilla.org': Reading manifest: Invalid host permission: about:reader*
1552167941465	Marionette	INFO	Listening on port 44423
1552167941500	Marionette	WARN	TLS certificate errors will be ignored for this session
JavaScript error: https://connect.facebook.net/en_US/fbevents.js, line 25: : 
1552167943677	Marionette	INFO	Stopped listening on port 44423
[Parent 17220, Gecko_IOThread] WARNING: pipe error (122): Connection reset by peer: file /build/src/firefox-65.0.2/ipc/chromium/src/chrome/common/ipc_channel_posix.cc, line 349
1552167978610	mozrunner::runner	INFO	Running command: "/usr/bin/firefox" "-marionette" "-headless" "-foreground" "-no-remote" "-profile" "/tmp/rust_mozprofile.B6p12XtHh48Q"
*** You are running in headless mode.
1552167978863	addons.webextension.screenshots@mozilla.org	WARN	Loading extension 'screenshots@mozilla.org': Reading manifest: Invalid host permission: resource://pdf.js/
1552167978863	addons.webextension.screenshots@mozilla.org	WARN	Loading extension 'screenshots@mozilla.org': Reading manifest: Invalid host permission: about:reader*
1552167979686	Marionette	INFO	Listening on port 35301
1552167979714	Marionette	WARN	TLS certificate errors will be ignored for this session
1552167980882	Marionette	INFO	Stopped listening on port 35301
1552167987538	mozrunner::runner	INFO	Running command: "/usr/bin/firefox" "-marionette" "-headless" "-foreground" "-no-remote" "-profile" "/tmp/rust_mozprofile.kBFxwHhbvIyq"
*** You are running in headless mode.
1552167987939	addons.webextension.screenshots@mozilla.org	WARN	Loading extension 'screenshots@mozilla.org': Reading manifest: Invalid host permission: resource://pdf.js/
1552167987939	addons.webextension.screenshots@mozilla.org	WARN	Loading extension 'screenshots@mozilla.org': Reading manifest: Invalid host permission: about:reader*
1552167988862	Marionette	INFO	Listening on port 41123
1552167988942	Marionette	WARN	TLS certificate errors will be ignored for this session
JavaScript error: https://connect.facebook.net/en_US/fbevents.js, line 25: : 
1552167991193	Marionette	INFO	Stopped listening on port 41123
1552168012934	mozrunner::runner	INFO	Running command: "/usr/bin/firefox" "-marionette" "-headless" "-foreground" "-no-remote" "-profile" "/tmp/rust_mozprofile.C3KU8nccvuLx"
*** You are running in headless mode.
1552168013185	addons.webextension.screenshots@mozilla.org	WARN	Loading extension 'screenshots@mozilla.org': Reading manifest: Invalid host permission: resource://pdf.js/
1552168013186	addons.webextension.screenshots@mozilla.org	WARN	Loading extension 'screenshots@mozilla.org': Reading manifest: Invalid host permission: about:reader*
1552168014002	Marionette	INFO	Listening on port 32975
1552168014038	Marionette	WARN	TLS certificate errors will be ignored for this session
JavaScript error: https://connect.facebook.net/en_US/fbevents.js, line 25: : 
1552168016121	Marionette	INFO	Stopped listening on port 32975

###!!! [Child][RunMessage] Error: Channel closing: too late to send/recv, messages will be lost


###!!! [Child][RunMessage] Error: Channel closing: too late to send/recv, messages will be lost


###!!! [Child][RunMessage] Error: Channel closing: too late to send/recv, messages will be lost

1552168026686	mozrunner::runner	INFO	Running command: "/usr/bin/firefox" "-marionette" "-headless" "-foreground" "-no-remote" "-profile" "/tmp/rust_mozprofile.slA46Dpz3zZo"
*** You are running in headless mode.
1552168026959	addons.webextension.screenshots@mozilla.org	WARN	Loading extension 'screenshots@mozilla.org': Reading manifest: Invalid host permission: resource://pdf.js/
1552168026959	addons.webextension.screenshots@mozilla.org	WARN	Loading extension 'screenshots@mozilla.org': Reading manifest: Invalid host permission: about:reader*
1552168027807	Marionette	INFO	Listening on port 37073
1552168027891	Marionette	WARN	TLS certificate errors will be ignored for this session
JavaScript error: https://connect.facebook.net/en_US/fbevents.js, line 25: : 
1552168031076	Marionette	INFO	Stopped listening on port 37073
[Parent 18627, Gecko_IOThread] WARNING: pipe error (122): Connection reset by peer: file /build/src/firefox-65.0.2/ipc/chromium/src/chrome/common/ipc_channel_posix.cc, line 349
1552168112400	mozrunner::runner	INFO	Running command: "/usr/bin/firefox" "-marionette" "-headless" "-foreground" "-no-remote" "-profile" "/tmp/rust_mozprofile.AL0DAoSMQG8a"
*** You are running in headless mode.
1552168112650	addons.webextension.screenshots@mozilla.org	WARN	Loading extension 'screenshots@mozilla.org': Reading manifest: Invalid host permission: resource://pdf.js/
1552168112650	addons.webextension.screenshots@mozilla.org	WARN	Loading extension 'screenshots@mozilla.org': Reading manifest: Invalid host permission: about:reader*
1552168113476	Marionette	INFO	Listening on port 38263
1552168113512	Marionette	WARN	TLS certificate errors will be ignored for this session
1552168114746	Marionette	INFO	Stopped listening on port 38263
JavaScript error: resource://gre/modules/WebProgressChild.jsm, line 58: TypeError: this.mm.content is null
[Parent 19108, Gecko_IOThread] WARNING: pipe error: Broken pipe: file /build/src/firefox-65.0.2/ipc/chromium/src/chrome/common/ipc_channel_posix.cc, line 718
[Child 19269, Chrome_ChildThread] WARNING: pipe error (3): Connection reset by peer: file /build/src/firefox-65.0.2/ipc/chromium/src/chrome/common/ipc_channel_posix.cc, line 349
1552168164288	mozrunner::runner	INFO	Running command: "/usr/bin/firefox" "-marionette" "-headless" "-foreground" "-no-remote" "-profile" "/tmp/rust_mozprofile.GU9haTQuCbcH"
*** You are running in headless mode.
1552168164539	addons.webextension.screenshots@mozilla.org	WARN	Loading extension 'screenshots@mozilla.org': Reading manifest: Invalid host permission: resource://pdf.js/
1552168164539	addons.webextension.screenshots@mozilla.org	WARN	Loading extension 'screenshots@mozilla.org': Reading manifest: Invalid host permission: about:reader*
1552168165367	Marionette	INFO	Listening on port 34447
1552168165392	Marionette	WARN	TLS certificate errors will be ignored for this session
1552168166975	Marionette	INFO	Stopped listening on port 34447

###!!! [Child][RunMessage] Error: Channel closing: too late to send/recv, messages will be lost


###!!! [Child][RunMessage] Error: Channel closing: too late to send/recv, messages will be lost

1552168183555	mozrunner::runner	INFO	Running command: "/usr/bin/firefox" "-marionette" "-headless" "-foreground" "-no-remote" "-profile" "/tmp/rust_mozprofile.jWFLiPSddB3b"
*** You are running in headless mode.
1552168183811	addons.webextension.screenshots@mozilla.org	WARN	Loading extension 'screenshots@mozilla.org': Reading manifest: Invalid host permission: resource://pdf.js/
1552168183811	addons.webextension.screenshots@mozilla.org	WARN	Loading extension 'screenshots@mozilla.org': Reading manifest: Invalid host permission: about:reader*
1552168184629	Marionette	INFO	Listening on port 41627
1552168184665	Marionette	WARN	TLS certificate errors will be ignored for this session
JavaScript error: https://connect.facebook.net/en_US/fbevents.js, line 25: : 
1552168187128	Marionette	INFO	Stopped listening on port 41627
JavaScript error: resource://gre/modules/WebProgressChild.jsm, line 58: TypeError: this.mm.content is null
[Parent 19779, Gecko_IOThread] WARNING: pipe error (122): Connection reset by peer: file /build/src/firefox-65.0.2/ipc/chromium/src/chrome/common/ipc_channel_posix.cc, line 349
1552168204622	mozrunner::runner	INFO	Running command: "/usr/bin/firefox" "-marionette" "-headless" "-foreground" "-no-remote" "-profile" "/tmp/rust_mozprofile.5wFwwakIbZmY"
*** You are running in headless mode.
1552168204876	addons.webextension.screenshots@mozilla.org	WARN	Loading extension 'screenshots@mozilla.org': Reading manifest: Invalid host permission: resource://pdf.js/
1552168204876	addons.webextension.screenshots@mozilla.org	WARN	Loading extension 'screenshots@mozilla.org': Reading manifest: Invalid host permission: about:reader*
1552168205692	Marionette	INFO	Listening on port 37365
1552168205729	Marionette	WARN	TLS certificate errors will be ignored for this session
JavaScript error: https://connect.facebook.net/en_US/fbevents.js, line 25: : 
1552168208158	Marionette	INFO	Stopped listening on port 37365

###!!! [Child][RunMessage] Error: Channel closing: too late to send/recv, messages will be lost

1552168262745	mozrunner::runner	INFO	Running command: "/usr/bin/firefox" "-marionette" "-headless" "-foreground" "-no-remote" "-profile" "/tmp/rust_mozprofile.QQf6RtP1C5sE"
*** You are running in headless mode.
1552168262994	addons.webextension.screenshots@mozilla.org	WARN	Loading extension 'screenshots@mozilla.org': Reading manifest: Invalid host permission: resource://pdf.js/
1552168262994	addons.webextension.screenshots@mozilla.org	WARN	Loading extension 'screenshots@mozilla.org': Reading manifest: Invalid host permission: about:reader*
1552168263820	Marionette	INFO	Listening on port 44139
1552168263852	Marionette	WARN	TLS certificate errors will be ignored for this session
1552168265173	Marionette	INFO	Stopped listening on port 44139
[Parent 20487, Gecko_IOThread] WARNING: pipe error: Broken pipe: file /build/src/firefox-65.0.2/ipc/chromium/src/chrome/common/ipc_channel_posix.cc, line 718
1552168309110	mozrunner::runner	INFO	Running command: "/usr/bin/firefox" "-marionette" "-headless" "-foreground" "-no-remote" "-profile" "/tmp/rust_mozprofile.dFkwaBnReAAe"
*** You are running in headless mode.
1552168309360	addons.webextension.screenshots@mozilla.org	WARN	Loading extension 'screenshots@mozilla.org': Reading manifest: Invalid host permission: resource://pdf.js/
1552168309360	addons.webextension.screenshots@mozilla.org	WARN	Loading extension 'screenshots@mozilla.org': Reading manifest: Invalid host permission: about:reader*
1552168310188	Marionette	INFO	Listening on port 34419
1552168310215	Marionette	WARN	TLS certificate errors will be ignored for this session
1552168311651	Marionette	INFO	Stopped listening on port 34419

###!!! [Child][RunMessage] Error: Channel closing: too late to send/recv, messages will be lost


###!!! [Child][RunMessage] Error: Channel closing: too late to send/recv, messages will be lost


###!!! [Child][RunMessage] Error: Channel closing: too late to send/recv, messages will be lost

[Parent 20827, Gecko_IOThread] WARNING: pipe error (121): Connection reset by peer: file /build/src/firefox-65.0.2/ipc/chromium/src/chrome/common/ipc_channel_posix.cc, line 349
1552168345071	mozrunner::runner	INFO	Running command: "/usr/bin/firefox" "-marionette" "-headless" "-foreground" "-no-remote" "-profile" "/tmp/rust_mozprofile.FmcatcAPovWT"
*** You are running in headless mode.
1552168345321	addons.webextension.screenshots@mozilla.org	WARN	Loading extension 'screenshots@mozilla.org': Reading manifest: Invalid host permission: resource://pdf.js/
1552168345322	addons.webextension.screenshots@mozilla.org	WARN	Loading extension 'screenshots@mozilla.org': Reading manifest: Invalid host permission: about:reader*
1552168346127	Marionette	INFO	Listening on port 36475
1552168346174	Marionette	WARN	TLS certificate errors will be ignored for this session
1552168347376	Marionette	INFO	Stopped listening on port 36475
JavaScript error: resource://gre/modules/WebProgressChild.jsm, line 58: TypeError: this.mm.content is null
[Child 21358, Chrome_ChildThread] WARNING: pipe error (3): Connection reset by peer: file /build/src/firefox-65.0.2/ipc/chromium/src/chrome/common/ipc_channel_posix.cc, line 349
1552168488580	mozrunner::runner	INFO	Running command: "/usr/bin/firefox" "-marionette" "-headless" "-foreground" "-no-remote" "-profile" "/tmp/rust_mozprofile.QPuJWFA8vNQZ"
*** You are running in headless mode.
1552168488873	addons.webextension.screenshots@mozilla.org	WARN	Loading extension 'screenshots@mozilla.org': Reading manifest: Invalid host permission: resource://pdf.js/
1552168488873	addons.webextension.screenshots@mozilla.org	WARN	Loading extension 'screenshots@mozilla.org': Reading manifest: Invalid host permission: about:reader*
1552168489806	Marionette	INFO	Listening on port 44139
1552168489885	Marionette	WARN	TLS certificate errors will be ignored for this session
1552168491464	Marionette	INFO	Stopped listening on port 44139
[Child 21789, Chrome_ChildThread] WARNING: pipe error (3): Connection reset by peer: file /build/src/firefox-65.0.2/ipc/chromium/src/chrome/common/ipc_channel_posix.cc, line 349
1552168562906	mozrunner::runner	INFO	Running command: "/usr/bin/firefox" "-marionette" "-headless" "-foreground" "-no-remote" "-profile" "/tmp/rust_mozprofile.kajNqSiFxNMM"
*** You are running in headless mode.
1552168563156	addons.webextension.screenshots@mozilla.org	WARN	Loading extension 'screenshots@mozilla.org': Reading manifest: Invalid host permission: resource://pdf.js/
1552168563157	addons.webextension.screenshots@mozilla.org	WARN	Loading extension 'screenshots@mozilla.org': Reading manifest: Invalid host permission: about:reader*
1552168563974	Marionette	INFO	Listening on port 44601
1552168564017	Marionette	WARN	TLS certificate errors will be ignored for this session
JavaScript error: https://connect.facebook.net/en_US/fbevents.js, line 25: : 
1552168566503	Marionette	INFO	Stopped listening on port 44601

###!!! [Child][RunMessage] Error: Channel closing: too late to send/recv, messages will be lost


###!!! [Child][RunMessage] Error: Channel closing: too late to send/recv, messages will be lost

1552168587583	mozrunner::runner	INFO	Running command: "/usr/bin/firefox" "-marionette" "-headless" "-foreground" "-no-remote" "-profile" "/tmp/rust_mozprofile.w6sFAdU733eM"
*** You are running in headless mode.
1552168587833	addons.webextension.screenshots@mozilla.org	WARN	Loading extension 'screenshots@mozilla.org': Reading manifest: Invalid host permission: resource://pdf.js/
1552168587833	addons.webextension.screenshots@mozilla.org	WARN	Loading extension 'screenshots@mozilla.org': Reading manifest: Invalid host permission: about:reader*
1552168588803	Marionette	INFO	Listening on port 33501
1552168588887	Marionette	WARN	TLS certificate errors will be ignored for this session
JavaScript error: https://connect.facebook.net/en_US/fbevents.js, line 25: : 
1552168590838	Marionette	INFO	Stopped listening on port 33501

###!!! [Child][RunMessage] Error: Channel closing: too late to send/recv, messages will be lost


###!!! [Child][RunMessage] Error: Channel closing: too late to send/recv, messages will be lost


###!!! [Child][RunMessage] Error: Channel closing: too late to send/recv, messages will be lost

[Parent 22341, Gecko_IOThread] WARNING: pipe error (122): Connection reset by peer: file /build/src/firefox-65.0.2/ipc/chromium/src/chrome/common/ipc_channel_posix.cc, line 349
1552168618386	mozrunner::runner	INFO	Running command: "/usr/bin/firefox" "-marionette" "-headless" "-foreground" "-no-remote" "-profile" "/tmp/rust_mozprofile.tO7R0UK0HKYr"
*** You are running in headless mode.
1552168618633	addons.webextension.screenshots@mozilla.org	WARN	Loading extension 'screenshots@mozilla.org': Reading manifest: Invalid host permission: resource://pdf.js/
1552168618633	addons.webextension.screenshots@mozilla.org	WARN	Loading extension 'screenshots@mozilla.org': Reading manifest: Invalid host permission: about:reader*
1552168619452	Marionette	INFO	Listening on port 40565
1552168619493	Marionette	WARN	TLS certificate errors will be ignored for this session
JavaScript error: https://connect.facebook.net/en_US/fbevents.js, line 25: : 
1552168621448	Marionette	INFO	Stopped listening on port 40565
1552168659685	mozrunner::runner	INFO	Running command: "/usr/bin/firefox" "-marionette" "-headless" "-foreground" "-no-remote" "-profile" "/tmp/rust_mozprofile.zGo1Nf7kEOTp"
*** You are running in headless mode.
1552168659932	addons.webextension.screenshots@mozilla.org	WARN	Loading extension 'screenshots@mozilla.org': Reading manifest: Invalid host permission: resource://pdf.js/
1552168659932	addons.webextension.screenshots@mozilla.org	WARN	Loading extension 'screenshots@mozilla.org': Reading manifest: Invalid host permission: about:reader*
1552168660847	Marionette	INFO	Listening on port 41561
1552168660898	Marionette	WARN	TLS certificate errors will be ignored for this session
1552168662961	Marionette	INFO	Stopped listening on port 41561
